<?xml version="1.0" encoding="UTF-8"?>
<!-- Generated by org.testng.reporters.JUnitReportReporter -->
<testsuite skipped="0" hostname="INBAGHPC00499" name="com.techm.testcases.LoginTest" tests="1" failures="0" timestamp="16 May 2019 10:40:18 GMT" time="2.184" errors="0">
  <testcase name="loginAsBankManager" time="2.184" classname="com.techm.testcases.LoginTest"/>
</testsuite> <!-- com.techm.testcases.LoginTest -->
