<?xml version="1.0" encoding="UTF-8"?>
<!-- Generated by org.testng.reporters.JUnitReportReporter -->
<testsuite skipped="0" hostname="INBAGHPC00499" name="com.techm.testcases.BankManagerLoginTest" tests="1" failures="0" timestamp="16 May 2019 11:19:46 GMT" time="2.587" errors="0">
  <testcase name="loginAsBankManager" time="2.587" classname="com.techm.testcases.BankManagerLoginTest"/>
</testsuite> <!-- com.techm.testcases.BankManagerLoginTest -->
