<?xml version="1.0" encoding="UTF-8"?>
<!-- Generated by org.testng.reporters.JUnitReportReporter -->
<testsuite skipped="0" hostname="DESKTOP-ULRUTVN" name="com.techm.testcases.LoginTest" tests="1" failures="0" timestamp="09 Feb 2019 11:31:38 GMT" time="2.250" errors="0">
  <testcase name="loginAsBankManager" time="2.250" classname="com.techm.testcases.LoginTest"/>
</testsuite> <!-- com.techm.testcases.LoginTest -->
